<?xml version="1.0" encoding="UTF-8"?>
<!-- Generated by org.testng.reporters.JUnitReportReporter -->
<testsuite skipped="0" hostname="Windows-PC" name="com.testcases.BankManagerLoginTest" tests="1" failures="0" timestamp="25 Jan 2020 13:13:57 GMT" time="3.618" errors="0">
  <testcase name="loginAsBankManager" time="3.618" classname="com.testcases.BankManagerLoginTest"/>
</testsuite> <!-- com.testcases.BankManagerLoginTest -->
