<?xml version="1.0" encoding="UTF-8"?>
<!-- Generated by org.testng.reporters.JUnitReportReporter -->
<testsuite skipped="0" hostname="Windows-PC" name="com.testcases.AddCustomerTest" tests="1" failures="0" timestamp="25 Jan 2020 13:13:57 GMT" time="0.859" errors="0">
  <testcase name="addCustomer" time="0.859" classname="com.testcases.AddCustomerTest"/>
</testsuite> <!-- com.testcases.AddCustomerTest -->
