<?xml version="1.0" encoding="UTF-8"?>
<!-- Generated by org.testng.reporters.JUnitReportReporter -->
<testsuite skipped="0" hostname="Windows-PC" name="com.testcases.OpenCustomerAccTest" tests="1" failures="0" timestamp="29 Jan 2020 14:20:54 GMT" time="2.151" errors="0">
  <testcase name="openCustomer" time="2.151" classname="com.testcases.OpenCustomerAccTest"/>
</testsuite> <!-- com.testcases.OpenCustomerAccTest -->
