<?xml version="1.0" encoding="UTF-8"?>
<!-- Generated by org.testng.reporters.JUnitReportReporter -->
<testsuite skipped="1" hostname="Windows-PC" name="com.testcases.AddCustomerTest" tests="5" failures="0" timestamp="29 Jan 2020 14:20:54 GMT" time="10.756" errors="0">
  <testcase name="addCustomer" time="2.395" classname="com.testcases.AddCustomerTest"/>
  <testcase name="addCustomer" time="2.451" classname="com.testcases.AddCustomerTest"/>
  <testcase name="addCustomer" time="0.001" classname="com.testcases.AddCustomerTest">
    <skipped/>
  </testcase> <!-- addCustomer -->
  <testcase name="addCustomer" time="3.515" classname="com.testcases.AddCustomerTest"/>
  <testcase name="addCustomer" time="2.394" classname="com.testcases.AddCustomerTest"/>
</testsuite> <!-- com.testcases.AddCustomerTest -->
