<?xml version="1.0" encoding="UTF-8"?>
<!-- Generated by org.testng.reporters.JUnitReportReporter -->
<testsuite skipped="0" hostname="Windows-PC" name="com.testcases.LoginTest" tests="1" failures="0" timestamp="24 Jan 2020 13:17:32 GMT" time="16.842" errors="0">
  <testcase name="loginAsBankManager" time="16.842" classname="com.testcases.LoginTest"/>
</testsuite> <!-- com.testcases.LoginTest -->
