<?xml version="1.0" encoding="UTF-8"?>
<!-- Generated by org.testng.reporters.JUnitReportReporter -->
<testsuite skipped="0" hostname="Windows-PC" name="com.testcases.BankManagerLoginTest" tests="2" failures="0" timestamp="29 Jan 2020 14:20:54 GMT" time="4.469" errors="0">
  <testcase name="loginAsBankManager" time="4.468" classname="com.testcases.BankManagerLoginTest"/>
  <testcase name="testLogin" time="0.001" classname="com.testcases.BankManagerLoginTest"/>
</testsuite> <!-- com.testcases.BankManagerLoginTest -->
